<?xml version="1.0" encoding="UTF-8"?>
<testsuites name="SmokeTestCases" time="4" tests="0" failures="4" errors="0">
   <testsuite name="SmokeTestCases" tests="0" failures="4" errors="0" time="4" timestamp="2018-03-10 22:39:50" hostname="jsubramani - COGNICOMPRJ-V7.corp.local" id="Test Suites/SmokeTestCases">
      <properties>
         <property name="deviceName" value=""/>
         <property name="devicePlatform" value=""/>
         <property name="logFolder" value="C:\\Users\\jsubramani\\git\\Mytest\\Reports\\SmokeTestCases\\20180310_223948"/>
         <property name="logFiles" value="C:\\Users\\jsubramani\\git\\Mytest\\Reports\\SmokeTestCases\\20180310_223948\\execution0.log"/>
         <property name="attachments" value=""/>
         <property name="hostName" value="jsubramani - COGNICOMPRJ-V7.corp.local"/>
         <property name="hostAddress" value="10.161.127.80"/>
         <property name="os" value="Windows 7 64bit"/>
         <property name="katalonVersion" value="5.3.1.1"/>
      </properties>
      <testcase name="Test Cases/WebAssign_NewUser" classname="Test Cases/WebAssign_NewUser" status="FAILED">
         <failure type="FAILED" message="Unable to open browser with url: '' (Root cause: org.openqa.selenium.WebDriverException: SafariDriver requires Safari 10 running on OSX El Capitan or greater.
Build info: version: '3.7.1', revision: '8a0099a', time: '2017-11-06T21:07:36.161Z'
System info: host: 'COGNICOMPRJ-V7', ip: '10.161.127.80', os.name: 'Windows 7', os.arch: 'amd64', os.version: '6.1', java.version: '1.8.0_102'
Driver info: driver.version: CSafariDriver)"/>
         <system-out><![CDATA[2018-03-10 22:39:51 - [TEST_CASE][FAILED] - Test Cases/WebAssign_NewUser: Test Cases/WebAssign_NewUser FAILED because (of) Unable to open browser with url: '' (Root cause: org.openqa.selenium.WebDriverException: SafariDriver requires Safari 10 running on OSX El Capitan or greater.
Build info: version: '3.7.1', revision: '8a0099a', time: '2017-11-06T21:07:36.161Z'
System info: host: 'COGNICOMPRJ-V7', ip: '10.161.127.80', os.name: 'Windows 7', os.arch: 'amd64', os.version: '6.1', java.version: '1.8.0_102'
Driver info: driver.version: CSafariDriver)

2018-03-10 22:39:51 - [TEST_STEP][FAILED] - openBrowser: Unable to open browser with url: '' (Root cause: org.openqa.selenium.WebDriverException: SafariDriver requires Safari 10 running on OSX El Capitan or greater.
Build info: version: '3.7.1', revision: '8a0099a', time: '2017-11-06T21:07:36.161Z'
System info: host: 'COGNICOMPRJ-V7', ip: '10.161.127.80', os.name: 'Windows 7', os.arch: 'amd64', os.version: '6.1', java.version: '1.8.0_102'
Driver info: driver.version: CSafariDriver)

2018-03-10 22:39:52 - [MESSAGE][FAILED] - Unable to open browser with url: '' (Root cause: org.openqa.selenium.WebDriverException: SafariDriver requires Safari 10 running on OSX El Capitan or greater.
Build info: version: '3.7.1', revision: '8a0099a', time: '2017-11-06T21:07:36.161Z'
System info: host: 'COGNICOMPRJ-V7', ip: '10.161.127.80', os.name: 'Windows 7', os.arch: 'amd64', os.version: '6.1', java.version: '1.8.0_102'
Driver info: driver.version: CSafariDriver)]]></system-out>
         <system-err><![CDATA[2018-03-10 22:39:51 - [TEST_CASE][FAILED] - Test Cases/WebAssign_NewUser: Test Cases/WebAssign_NewUser FAILED because (of) Unable to open browser with url: '' (Root cause: org.openqa.selenium.WebDriverException: SafariDriver requires Safari 10 running on OSX El Capitan or greater.
Build info: version: '3.7.1', revision: '8a0099a', time: '2017-11-06T21:07:36.161Z'
System info: host: 'COGNICOMPRJ-V7', ip: '10.161.127.80', os.name: 'Windows 7', os.arch: 'amd64', os.version: '6.1', java.version: '1.8.0_102'
Driver info: driver.version: CSafariDriver)]]></system-err>
      </testcase>
      <testcase name="Test Cases/Student_Reg" classname="Test Cases/Student_Reg" status="FAILED">
         <failure type="FAILED" message="Unable to open browser with url: '' (Root cause: org.openqa.selenium.WebDriverException: SafariDriver requires Safari 10 running on OSX El Capitan or greater.
Build info: version: '3.7.1', revision: '8a0099a', time: '2017-11-06T21:07:36.161Z'
System info: host: 'COGNICOMPRJ-V7', ip: '10.161.127.80', os.name: 'Windows 7', os.arch: 'amd64', os.version: '6.1', java.version: '1.8.0_102'
Driver info: driver.version: CSafariDriver)"/>
         <system-out><![CDATA[2018-03-10 22:39:52 - [TEST_CASE][FAILED] - Test Cases/Student_Reg: Test Cases/Student_Reg FAILED because (of) Unable to open browser with url: '' (Root cause: org.openqa.selenium.WebDriverException: SafariDriver requires Safari 10 running on OSX El Capitan or greater.
Build info: version: '3.7.1', revision: '8a0099a', time: '2017-11-06T21:07:36.161Z'
System info: host: 'COGNICOMPRJ-V7', ip: '10.161.127.80', os.name: 'Windows 7', os.arch: 'amd64', os.version: '6.1', java.version: '1.8.0_102'
Driver info: driver.version: CSafariDriver)

2018-03-10 22:39:53 - [TEST_STEP][FAILED] - openBrowser: Unable to open browser with url: '' (Root cause: org.openqa.selenium.WebDriverException: SafariDriver requires Safari 10 running on OSX El Capitan or greater.
Build info: version: '3.7.1', revision: '8a0099a', time: '2017-11-06T21:07:36.161Z'
System info: host: 'COGNICOMPRJ-V7', ip: '10.161.127.80', os.name: 'Windows 7', os.arch: 'amd64', os.version: '6.1', java.version: '1.8.0_102'
Driver info: driver.version: CSafariDriver)

2018-03-10 22:39:53 - [MESSAGE][FAILED] - Unable to open browser with url: '' (Root cause: org.openqa.selenium.WebDriverException: SafariDriver requires Safari 10 running on OSX El Capitan or greater.
Build info: version: '3.7.1', revision: '8a0099a', time: '2017-11-06T21:07:36.161Z'
System info: host: 'COGNICOMPRJ-V7', ip: '10.161.127.80', os.name: 'Windows 7', os.arch: 'amd64', os.version: '6.1', java.version: '1.8.0_102'
Driver info: driver.version: CSafariDriver)]]></system-out>
         <system-err><![CDATA[2018-03-10 22:39:52 - [TEST_CASE][FAILED] - Test Cases/Student_Reg: Test Cases/Student_Reg FAILED because (of) Unable to open browser with url: '' (Root cause: org.openqa.selenium.WebDriverException: SafariDriver requires Safari 10 running on OSX El Capitan or greater.
Build info: version: '3.7.1', revision: '8a0099a', time: '2017-11-06T21:07:36.161Z'
System info: host: 'COGNICOMPRJ-V7', ip: '10.161.127.80', os.name: 'Windows 7', os.arch: 'amd64', os.version: '6.1', java.version: '1.8.0_102'
Driver info: driver.version: CSafariDriver)]]></system-err>
      </testcase>
      <testcase name="Test Cases/Existing_user_Purchase" classname="Test Cases/Existing_user_Purchase" status="FAILED">
         <failure type="FAILED" message="Unable to open browser with url: '' (Root cause: org.openqa.selenium.WebDriverException: SafariDriver requires Safari 10 running on OSX El Capitan or greater.
Build info: version: '3.7.1', revision: '8a0099a', time: '2017-11-06T21:07:36.161Z'
System info: host: 'COGNICOMPRJ-V7', ip: '10.161.127.80', os.name: 'Windows 7', os.arch: 'amd64', os.version: '6.1', java.version: '1.8.0_102'
Driver info: driver.version: CSafariDriver)"/>
         <system-out><![CDATA[2018-03-10 22:39:53 - [TEST_CASE][FAILED] - Test Cases/Existing_user_Purchase: Test Cases/Existing_user_Purchase FAILED because (of) Unable to open browser with url: '' (Root cause: org.openqa.selenium.WebDriverException: SafariDriver requires Safari 10 running on OSX El Capitan or greater.
Build info: version: '3.7.1', revision: '8a0099a', time: '2017-11-06T21:07:36.161Z'
System info: host: 'COGNICOMPRJ-V7', ip: '10.161.127.80', os.name: 'Windows 7', os.arch: 'amd64', os.version: '6.1', java.version: '1.8.0_102'
Driver info: driver.version: CSafariDriver)

2018-03-10 22:39:53 - [TEST_STEP][FAILED] - openBrowser: Unable to open browser with url: '' (Root cause: org.openqa.selenium.WebDriverException: SafariDriver requires Safari 10 running on OSX El Capitan or greater.
Build info: version: '3.7.1', revision: '8a0099a', time: '2017-11-06T21:07:36.161Z'
System info: host: 'COGNICOMPRJ-V7', ip: '10.161.127.80', os.name: 'Windows 7', os.arch: 'amd64', os.version: '6.1', java.version: '1.8.0_102'
Driver info: driver.version: CSafariDriver)

2018-03-10 22:39:53 - [MESSAGE][FAILED] - Unable to open browser with url: '' (Root cause: org.openqa.selenium.WebDriverException: SafariDriver requires Safari 10 running on OSX El Capitan or greater.
Build info: version: '3.7.1', revision: '8a0099a', time: '2017-11-06T21:07:36.161Z'
System info: host: 'COGNICOMPRJ-V7', ip: '10.161.127.80', os.name: 'Windows 7', os.arch: 'amd64', os.version: '6.1', java.version: '1.8.0_102'
Driver info: driver.version: CSafariDriver)]]></system-out>
         <system-err><![CDATA[2018-03-10 22:39:53 - [TEST_CASE][FAILED] - Test Cases/Existing_user_Purchase: Test Cases/Existing_user_Purchase FAILED because (of) Unable to open browser with url: '' (Root cause: org.openqa.selenium.WebDriverException: SafariDriver requires Safari 10 running on OSX El Capitan or greater.
Build info: version: '3.7.1', revision: '8a0099a', time: '2017-11-06T21:07:36.161Z'
System info: host: 'COGNICOMPRJ-V7', ip: '10.161.127.80', os.name: 'Windows 7', os.arch: 'amd64', os.version: '6.1', java.version: '1.8.0_102'
Driver info: driver.version: CSafariDriver)]]></system-err>
      </testcase>
      <testcase name="Test Cases/Purchase_newuser_Accesscode_New" classname="Test Cases/Purchase_newuser_Accesscode_New" status="FAILED">
         <failure type="FAILED" message="Unable to open browser with url: '' (Root cause: org.openqa.selenium.WebDriverException: SafariDriver requires Safari 10 running on OSX El Capitan or greater.
Build info: version: '3.7.1', revision: '8a0099a', time: '2017-11-06T21:07:36.161Z'
System info: host: 'COGNICOMPRJ-V7', ip: '10.161.127.80', os.name: 'Windows 7', os.arch: 'amd64', os.version: '6.1', java.version: '1.8.0_102'
Driver info: driver.version: CSafariDriver)"/>
         <system-out><![CDATA[2018-03-10 22:39:53 - [TEST_CASE][FAILED] - Test Cases/Purchase_newuser_Accesscode_New: Test Cases/Purchase_newuser_Accesscode_New FAILED because (of) Unable to open browser with url: '' (Root cause: org.openqa.selenium.WebDriverException: SafariDriver requires Safari 10 running on OSX El Capitan or greater.
Build info: version: '3.7.1', revision: '8a0099a', time: '2017-11-06T21:07:36.161Z'
System info: host: 'COGNICOMPRJ-V7', ip: '10.161.127.80', os.name: 'Windows 7', os.arch: 'amd64', os.version: '6.1', java.version: '1.8.0_102'
Driver info: driver.version: CSafariDriver)

2018-03-10 22:39:55 - [TEST_STEP][FAILED] - openBrowser: Unable to open browser with url: '' (Root cause: org.openqa.selenium.WebDriverException: SafariDriver requires Safari 10 running on OSX El Capitan or greater.
Build info: version: '3.7.1', revision: '8a0099a', time: '2017-11-06T21:07:36.161Z'
System info: host: 'COGNICOMPRJ-V7', ip: '10.161.127.80', os.name: 'Windows 7', os.arch: 'amd64', os.version: '6.1', java.version: '1.8.0_102'
Driver info: driver.version: CSafariDriver)

2018-03-10 22:39:55 - [MESSAGE][FAILED] - Unable to open browser with url: '' (Root cause: org.openqa.selenium.WebDriverException: SafariDriver requires Safari 10 running on OSX El Capitan or greater.
Build info: version: '3.7.1', revision: '8a0099a', time: '2017-11-06T21:07:36.161Z'
System info: host: 'COGNICOMPRJ-V7', ip: '10.161.127.80', os.name: 'Windows 7', os.arch: 'amd64', os.version: '6.1', java.version: '1.8.0_102'
Driver info: driver.version: CSafariDriver)]]></system-out>
         <system-err><![CDATA[2018-03-10 22:39:53 - [TEST_CASE][FAILED] - Test Cases/Purchase_newuser_Accesscode_New: Test Cases/Purchase_newuser_Accesscode_New FAILED because (of) Unable to open browser with url: '' (Root cause: org.openqa.selenium.WebDriverException: SafariDriver requires Safari 10 running on OSX El Capitan or greater.
Build info: version: '3.7.1', revision: '8a0099a', time: '2017-11-06T21:07:36.161Z'
System info: host: 'COGNICOMPRJ-V7', ip: '10.161.127.80', os.name: 'Windows 7', os.arch: 'amd64', os.version: '6.1', java.version: '1.8.0_102'
Driver info: driver.version: CSafariDriver)]]></system-err>
      </testcase>
      <system-out><![CDATA[2018-03-10 22:39:50 - [TEST_SUITE][FAILED] - SmokeTestCases: Test Cases/WebAssign_NewUser FAILED because (of) Unable to open browser with url: '' (Root cause: org.openqa.selenium.WebDriverException: SafariDriver requires Safari 10 running on OSX El Capitan or greater.
Build info: version: '3.7.1', revision: '8a0099a', time: '2017-11-06T21:07:36.161Z'
System info: host: 'COGNICOMPRJ-V7', ip: '10.161.127.80', os.name: 'Windows 7', os.arch: 'amd64', os.version: '6.1', java.version: '1.8.0_102'
Driver info: driver.version: CSafariDriver)]]></system-out>
      <system-err><![CDATA[2018-03-10 22:39:50 - [TEST_SUITE][FAILED] - SmokeTestCases: Test Cases/WebAssign_NewUser FAILED because (of) Unable to open browser with url: '' (Root cause: org.openqa.selenium.WebDriverException: SafariDriver requires Safari 10 running on OSX El Capitan or greater.
Build info: version: '3.7.1', revision: '8a0099a', time: '2017-11-06T21:07:36.161Z'
System info: host: 'COGNICOMPRJ-V7', ip: '10.161.127.80', os.name: 'Windows 7', os.arch: 'amd64', os.version: '6.1', java.version: '1.8.0_102'
Driver info: driver.version: CSafariDriver)]]></system-err>
   </testsuite>
</testsuites>
